# JRE version: Java(TM) SE Runtime Environment (7.0_45-b18) (build 1.7.0_45-b18)
# Java VM: Java HotSpot(TM) Server VM (24.45-b08 mixed mode windows-x86 )
Heap
 PSYoungGen      total 100864K, used 15331K [0x2ad40000, 0x34740000, 0x35800000)
  eden space 94976K, 10% used [0x2ad40000,0x2b6951b0,0x30a00000)
  from space 5888K, 98% used [0x34180000,0x34723b68,0x34740000)
  to   space 22528K, 0% used [0x31b40000,0x31b40000,0x33140000)
 ParOldGen       total 81920K, used 43769K [0x15800000, 0x1a800000, 0x2ad40000)
  object space 81920K, 53% used [0x15800000,0x182be5b8,0x1a800000)
 PSPermGen       total 70400K, used 37810K [0x05800000, 0x09cc0000, 0x15800000)
  object space 70400K, 53% used [0x05800000,0x07cec818,0x09cc0000)
GC Heap History (10 events):
Event: 4.229 GC heap before
{Heap before GC invocations=5 (full 0):
 PSYoungGen      total 36352K, used 36349K [0x2ad40000, 0x2d340000, 0x35800000)
  eden space 33792K, 100% used [0x2ad40000,0x2ce40000,0x2ce40000)
  from space 2560K, 99% used [0x2d0c0000,0x2d33f680,0x2d340000)
  to   space 2560K, 0% used [0x2ce40000,0x2ce40000,0x2d0c0000)
 ParOldGen       total 43776K, used 13404K [0x15800000, 0x182c0000, 0x2ad40000)
  object space 43776K, 30% used [0x15800000,0x16517098,0x182c0000)
 PSPermGen       total 19712K, used 19594K [0x05800000, 0x06b40000, 0x15800000)
  object space 19712K, 99% used [0x05800000,0x06b228b8,0x06b40000)
Event: 4.256 GC heap after
Heap after GC invocations=5 (full 0):
 PSYoungGen      total 36352K, used 2557K [0x2ad40000, 0x306c0000, 0x35800000)
  eden space 33792K, 0% used [0x2ad40000,0x2ad40000,0x2ce40000)
  from space 2560K, 99% used [0x2ce40000,0x2d0bf680,0x2d0c0000)
  to   space 12032K, 0% used [0x2fb00000,0x2fb00000,0x306c0000)
 ParOldGen       total 43776K, used 23110K [0x15800000, 0x182c0000, 0x2ad40000)
  object space 43776K, 52% used [0x15800000,0x16e919b8,0x182c0000)
 PSPermGen       total 19712K, used 19594K [0x05800000, 0x06b40000, 0x15800000)
  object space 19712K, 99% used [0x05800000,0x06b228b8,0x06b40000)
}
Event: 5.573 GC heap before
{Heap before GC invocations=6 (full 0):
 PSYoungGen      total 36352K, used 36349K [0x2ad40000, 0x306c0000, 0x35800000)
  eden space 33792K, 100% used [0x2ad40000,0x2ce40000,0x2ce40000)
  from space 2560K, 99% used [0x2ce40000,0x2d0bf680,0x2d0c0000)
  to   space 12032K, 0% used [0x2fb00000,0x2fb00000,0x306c0000)
 ParOldGen       total 43776K, used 23110K [0x15800000, 0x182c0000, 0x2ad40000)
  object space 43776K, 52% used [0x15800000,0x16e919b8,0x182c0000)
 PSPermGen       total 24576K, used 24526K [0x05800000, 0x07000000, 0x15800000)
  object space 24576K, 99% used [0x05800000,0x06ff3ab0,0x07000000)
Event: 5.589 GC heap after
Heap after GC invocations=6 (full 0):
 PSYoungGen      total 77312K, used 12023K [0x2ad40000, 0x30b40000, 0x35800000)
  eden space 65280K, 0% used [0x2ad40000,0x2ad40000,0x2ed00000)
  from space 12032K, 99% used [0x2fb00000,0x306bddc8,0x306c0000)
  to   space 14336K, 0% used [0x2ed00000,0x2ed00000,0x2fb00000)
 ParOldGen       total 43776K, used 23970K [0x15800000, 0x182c0000, 0x2ad40000)
  object space 43776K, 54% used [0x15800000,0x16f68940,0x182c0000)
 PSPermGen       total 24576K, used 24526K [0x05800000, 0x07000000, 0x15800000)
  object space 24576K, 99% used [0x05800000,0x06ff3ab0,0x07000000)
}
Event: 18.159 GC heap before
{Heap before GC invocations=7 (full 0):
 PSYoungGen      total 77312K, used 77303K [0x2ad40000, 0x30b40000, 0x35800000)
  eden space 65280K, 100% used [0x2ad40000,0x2ed00000,0x2ed00000)
  from space 12032K, 99% used [0x2fb00000,0x306bddc8,0x306c0000)
  to   space 14336K, 0% used [0x2ed00000,0x2ed00000,0x2fb00000)
 ParOldGen       total 43776K, used 23970K [0x15800000, 0x182c0000, 0x2ad40000)
  object space 43776K, 54% used [0x15800000,0x16f68940,0x182c0000)
 PSPermGen       total 35328K, used 35302K [0x05800000, 0x07a80000, 0x15800000)
  object space 35328K, 99% used [0x05800000,0x07a79bf8,0x07a80000)
Event: 18.193 GC heap after
Heap after GC invocations=7 (full 0):
 PSYoungGen      total 79616K, used 14324K [0x2ad40000, 0x35800000, 0x35800000)
  eden space 65280K, 0% used [0x2ad40000,0x2ad40000,0x2ed00000)
  from space 14336K, 99% used [0x2ed00000,0x2fafd058,0x2fb00000)
  to   space 23040K, 0% used [0x34180000,0x34180000,0x35800000)
 ParOldGen       total 43776K, used 36655K [0x15800000, 0x182c0000, 0x2ad40000)
  object space 43776K, 83% used [0x15800000,0x17bcbe20,0x182c0000)
 PSPermGen       total 35328K, used 35302K [0x05800000, 0x07a80000, 0x15800000)
  object space 35328K, 99% used [0x05800000,0x07a79bf8,0x07a80000)
}
Event: 18.193 GC heap before
{Heap before GC invocations=8 (full 1):
 PSYoungGen      total 79616K, used 14324K [0x2ad40000, 0x35800000, 0x35800000)
  eden space 65280K, 0% used [0x2ad40000,0x2ad40000,0x2ed00000)
  from space 14336K, 99% used [0x2ed00000,0x2fafd058,0x2fb00000)
  to   space 23040K, 0% used [0x34180000,0x34180000,0x35800000)
 ParOldGen       total 43776K, used 36655K [0x15800000, 0x182c0000, 0x2ad40000)
  object space 43776K, 83% used [0x15800000,0x17bcbe20,0x182c0000)
 PSPermGen       total 35328K, used 35302K [0x05800000, 0x07a80000, 0x15800000)
  object space 35328K, 99% used [0x05800000,0x07a79bf8,0x07a80000)
Event: 18.450 GC heap after
Heap after GC invocations=8 (full 1):
 PSYoungGen      total 79616K, used 691K [0x2ad40000, 0x35800000, 0x35800000)
  eden space 65280K, 0% used [0x2ad40000,0x2ad40000,0x2ed00000)
  from space 14336K, 4% used [0x2ed00000,0x2edacca8,0x2fb00000)
  to   space 23040K, 0% used [0x34180000,0x34180000,0x35800000)
 ParOldGen       total 81920K, used 43769K [0x15800000, 0x1a800000, 0x2ad40000)
  object space 81920K, 53% used [0x15800000,0x182be5b8,0x1a800000)
 PSPermGen       total 70400K, used 35056K [0x05800000, 0x09cc0000, 0x15800000)
  object space 70400K, 49% used [0x05800000,0x07a3c238,0x09cc0000)
}
Event: 1174.225 GC heap before
{Heap before GC invocations=9 (full 1):
 PSYoungGen      total 79616K, used 65971K [0x2ad40000, 0x35800000, 0x35800000)
  eden space 65280K, 100% used [0x2ad40000,0x2ed00000,0x2ed00000)
  from space 14336K, 4% used [0x2ed00000,0x2edacca8,0x2fb00000)
  to   space 23040K, 0% used [0x34180000,0x34180000,0x35800000)
 ParOldGen       total 81920K, used 43769K [0x15800000, 0x1a800000, 0x2ad40000)
  object space 81920K, 53% used [0x15800000,0x182be5b8,0x1a800000)
 PSPermGen       total 70400K, used 37793K [0x05800000, 0x09cc0000, 0x15800000)
  object space 70400K, 53% used [0x05800000,0x07ce84b8,0x09cc0000)
Event: 1174.253 GC heap after
Heap after GC invocations=9 (full 1):
 PSYoungGen      total 100864K, used 5774K [0x2ad40000, 0x34740000, 0x35800000)
  eden space 94976K, 0% used [0x2ad40000,0x2ad40000,0x30a00000)
  from space 5888K, 98% used [0x34180000,0x34723b68,0x34740000)
  to   space 22528K, 0% used [0x31b40000,0x31b40000,0x33140000)
 ParOldGen       total 81920K, used 43769K [0x15800000, 0x1a800000, 0x2ad40000)
  object space 81920K, 53% used [0x15800000,0x182be5b8,0x1a800000)
 PSPermGen       total 70400K, used 37793K [0x05800000, 0x09cc0000, 0x15800000)
  object space 70400K, 53% used [0x05800000,0x07ce84b8,0x09cc0000)
}

